<testsuites id="" name="" tests="610" failures="0" skipped="610" errors="0" time="0.6441309999999999">
<testsuite name="01-core-ui.spec.ts" timestamp="2025-08-22T20:31:50.546Z" hostname="chromium" tests="12" failures="0" skipped="12" time="0" errors="0">
<testcase name="Core UI Tests › should display welcome modal on first visit" classname="01-core-ui.spec.ts" time="0">
<skipped>
</skipped>
</testcase>
<testcase name="Core UI Tests › should dismiss welcome modal and hide banner" classname="01-core-ui.spec.ts" time="0">
<skipped>
</skipped>
</testcase>
<testcase name="Core UI Tests › should display main layout with all sections" classname="01-core-ui.spec.ts" time="0">
<skipped>
</skipped>
</testcase>
<testcase name="Core UI Tests › should show test prompts when no messages" classname="01-core-ui.spec.ts" time="0">
<skipped>
</skipped>
</testcase>
<testcase name="Core UI Tests › should handle mobile responsive design" classname="01-core-ui.spec.ts" time="0">
<skipped>
</skipped>
</testcase>
<testcase name="Core UI Tests › should navigate between tabs on mobile" classname="01-core-ui.spec.ts" time="0">
<skipped>
</skipped>
</testcase>
<testcase name="Core UI Tests › should handle desktop layout correctly" classname="01-core-ui.spec.ts" time="0">
<skipped>
</skipped>
</testcase>
<testcase name="Core UI Tests › should maintain state across tab switches" classname="01-core-ui.spec.ts" time="0">
<skipped>
</skipped>
</testcase>
<testcase name="Core UI Tests › should handle theme switching" classname="01-core-ui.spec.ts" time="0">
<skipped>
</skipped>
</testcase>
<testcase name="Accessibility Tests › should be accessible with keyboard navigation" classname="01-core-ui.spec.ts" time="0">
<skipped>
</skipped>
</testcase>
<testcase name="Accessibility Tests › should have proper ARIA labels and roles" classname="01-core-ui.spec.ts" time="0">
<skipped>
</skipped>
</testcase>
<testcase name="Accessibility Tests › should work with screen reader simulation" classname="01-core-ui.spec.ts" time="0">
<skipped>
</skipped>
</testcase>
</testsuite>
<testsuite name="02-chat-interface.spec.ts" timestamp="2025-08-22T20:31:50.546Z" hostname="chromium" tests="12" failures="0" skipped="12" time="0" errors="0">
<testcase name="Chat Interface Tests › should send and receive messages" classname="02-chat-interface.spec.ts" time="0">
<skipped>
</skipped>
</testcase>
<testcase name="Chat Interface Tests › should handle message streaming" classname="02-chat-interface.spec.ts" time="0">
<skipped>
</skipped>
</testcase>
<testcase name="Chat Interface Tests › should show loading state during message sending" classname="02-chat-interface.spec.ts" time="0">
<skipped>
</skipped>
</testcase>
<testcase name="Chat Interface Tests › should handle empty messages gracefully" classname="02-chat-interface.spec.ts" time="0">
<skipped>
</skipped>
</testcase>
<testcase name="Chat Interface Tests › should persist messages across page reloads" classname="02-chat-interface.spec.ts" time="0">
<skipped>
</skipped>
</testcase>
<testcase name="Chat Interface Tests › should scroll to latest message automatically" classname="02-chat-interface.spec.ts" time="0">
<skipped>
</skipped>
</testcase>
<testcase name="Chat Interface Tests › should handle long messages with proper formatting" classname="02-chat-interface.spec.ts" time="0">
<skipped>
</skipped>
</testcase>
<testcase name="Chat Interface Tests › should handle code blocks in messages" classname="02-chat-interface.spec.ts" time="0">
<skipped>
</skipped>
</testcase>
<testcase name="Chat Interface Tests › should handle markdown formatting in messages" classname="02-chat-interface.spec.ts" time="0">
<skipped>
</skipped>
</testcase>
<testcase name="Chat Interface Tests › should clear input after sending message" classname="02-chat-interface.spec.ts" time="0">
<skipped>
</skipped>
</testcase>
<testcase name="Chat Interface Tests › should support keyboard shortcuts for sending" classname="02-chat-interface.spec.ts" time="0">
<skipped>
</skipped>
</testcase>
<testcase name="Chat Interface Tests › should handle network errors gracefully" classname="02-chat-interface.spec.ts" time="0">
<skipped>
</skipped>
</testcase>
</testsuite>
<testsuite name="03-model-selection.spec.ts" timestamp="2025-08-22T20:31:50.546Z" hostname="chromium" tests="11" failures="0" skipped="11" time="0" errors="0">
<testcase name="Model Selection Tests › should display available models" classname="03-model-selection.spec.ts" time="0">
<skipped>
</skipped>
</testcase>
<testcase name="Model Selection Tests › should default to GPT-5" classname="03-model-selection.spec.ts" time="0">
<skipped>
</skipped>
</testcase>
<testcase name="Model Selection Tests › should change model selection" classname="03-model-selection.spec.ts" time="0">
<skipped>
</skipped>
</testcase>
<testcase name="Model Selection Tests › should persist model selection across page reloads" classname="03-model-selection.spec.ts" time="0">
<skipped>
</skipped>
</testcase>
<testcase name="Model Selection Tests › should handle model loading errors" classname="03-model-selection.spec.ts" time="0">
<skipped>
</skipped>
</testcase>
<testcase name="Model Selection Tests › should show model capabilities or descriptions" classname="03-model-selection.spec.ts" time="0">
<skipped>
</skipped>
</testcase>
<testcase name="Model Selection Tests › should indicate current model in chat messages" classname="03-model-selection.spec.ts" time="0">
<skipped>
</skipped>
</testcase>
<testcase name="Model Selection Tests › should handle model switching during conversation" classname="03-model-selection.spec.ts" time="0">
<skipped>
</skipped>
</testcase>
<testcase name="Model Selection Tests › should handle invalid model selection gracefully" classname="03-model-selection.spec.ts" time="0">
<skipped>
</skipped>
</testcase>
<testcase name="Model Selection Tests › should show model status and availability" classname="03-model-selection.spec.ts" time="0">
<skipped>
</skipped>
</testcase>
<testcase name="Model Selection Tests › should support keyboard navigation in model selector" classname="03-model-selection.spec.ts" time="0">
<skipped>
</skipped>
</testcase>
</testsuite>
<testsuite name="04-sandbox-management.spec.ts" timestamp="2025-08-22T20:31:50.546Z" hostname="chromium" tests="11" failures="0" skipped="11" time="0" errors="0">
<testcase name="Sandbox Management Tests › should create sandbox through AI interaction" classname="04-sandbox-management.spec.ts" time="0">
<skipped>
</skipped>
</testcase>
<testcase name="Sandbox Management Tests › should display sandbox status and information" classname="04-sandbox-management.spec.ts" time="0">
<skipped>
</skipped>
</testcase>
<testcase name="Sandbox Management Tests › should handle sandbox creation failures" classname="04-sandbox-management.spec.ts" time="0">
<skipped>
</skipped>
</testcase>
<testcase name="Sandbox Management Tests › should manage multiple sandboxes" classname="04-sandbox-management.spec.ts" time="0">
<skipped>
</skipped>
</testcase>
<testcase name="Sandbox Management Tests › should handle sandbox timeouts" classname="04-sandbox-management.spec.ts" time="0">
<skipped>
</skipped>
</testcase>
<testcase name="Sandbox Management Tests › should show sandbox resource usage" classname="04-sandbox-management.spec.ts" time="0">
<skipped>
</skipped>
</testcase>
<testcase name="Sandbox Management Tests › should handle sandbox URL generation" classname="04-sandbox-management.spec.ts" time="0">
<skipped>
</skipped>
</testcase>
<testcase name="Sandbox Management Tests › should persist sandbox state across page reloads" classname="04-sandbox-management.spec.ts" time="0">
<skipped>
</skipped>
</testcase>
<testcase name="Sandbox Management Tests › should handle concurrent sandbox operations" classname="04-sandbox-management.spec.ts" time="0">
<skipped>
</skipped>
</testcase>
<testcase name="Sandbox Management Tests › should show sandbox activity logs" classname="04-sandbox-management.spec.ts" time="0">
<skipped>
</skipped>
</testcase>
<testcase name="Sandbox Management Tests › should handle sandbox cleanup and termination" classname="04-sandbox-management.spec.ts" time="0">
<skipped>
</skipped>
</testcase>
</testsuite>
<testsuite name="05-file-management.spec.ts" timestamp="2025-08-22T20:31:50.546Z" hostname="chromium" tests="13" failures="0" skipped="13" time="0" errors="0">
<testcase name="File Management Tests › should display file explorer with generated files" classname="05-file-management.spec.ts" time="0">
<skipped>
</skipped>
</testcase>
<testcase name="File Management Tests › should expand and collapse folders" classname="05-file-management.spec.ts" time="0">
<skipped>
</skipped>
</testcase>
<testcase name="File Management Tests › should display file content when clicked" classname="05-file-management.spec.ts" time="0">
<skipped>
</skipped>
</testcase>
<testcase name="File Management Tests › should show syntax highlighting for different file types" classname="05-file-management.spec.ts" time="0">
<skipped>
</skipped>
</testcase>
<testcase name="File Management Tests › should handle file loading errors gracefully" classname="05-file-management.spec.ts" time="0">
<skipped>
</skipped>
</testcase>
<testcase name="File Management Tests › should show file sizes and timestamps" classname="05-file-management.spec.ts" time="0">
<skipped>
</skipped>
</testcase>
<testcase name="File Management Tests › should support file search and filtering" classname="05-file-management.spec.ts" time="0">
<skipped>
</skipped>
</testcase>
<testcase name="File Management Tests › should handle deep folder structures" classname="05-file-management.spec.ts" time="0">
<skipped>
</skipped>
</testcase>
<testcase name="File Management Tests › should show file icons based on file types" classname="05-file-management.spec.ts" time="0">
<skipped>
</skipped>
</testcase>
<testcase name="File Management Tests › should maintain file explorer state during navigation" classname="05-file-management.spec.ts" time="0">
<skipped>
</skipped>
</testcase>
<testcase name="File Management Tests › should handle binary files appropriately" classname="05-file-management.spec.ts" time="0">
<skipped>
</skipped>
</testcase>
<testcase name="File Management Tests › should refresh file tree when new files are generated" classname="05-file-management.spec.ts" time="0">
<skipped>
</skipped>
</testcase>
<testcase name="File Management Tests › should handle large file lists efficiently" classname="05-file-management.spec.ts" time="0">
<skipped>
</skipped>
</testcase>
</testsuite>
<testsuite name="06-command-execution.spec.ts" timestamp="2025-08-22T20:31:50.546Z" hostname="chromium" tests="13" failures="0" skipped="13" time="0" errors="0">
<testcase name="Command Execution Tests › should execute npm install command" classname="06-command-execution.spec.ts" time="0">
<skipped>
</skipped>
</testcase>
<testcase name="Command Execution Tests › should show real-time command output" classname="06-command-execution.spec.ts" time="0">
<skipped>
</skipped>
</testcase>
<testcase name="Command Execution Tests › should handle command errors and failures" classname="06-command-execution.spec.ts" time="0">
<skipped>
</skipped>
</testcase>
<testcase name="Command Execution Tests › should display command logs in logs tab" classname="06-command-execution.spec.ts" time="0">
<skipped>
</skipped>
</testcase>
<testcase name="Command Execution Tests › should handle long-running commands" classname="06-command-execution.spec.ts" time="0">
<skipped>
</skipped>
</testcase>
<testcase name="Command Execution Tests › should support command termination" classname="06-command-execution.spec.ts" time="0">
<skipped>
</skipped>
</testcase>
<testcase name="Command Execution Tests › should handle multiple concurrent commands" classname="06-command-execution.spec.ts" time="0">
<skipped>
</skipped>
</testcase>
<testcase name="Command Execution Tests › should show command history in logs" classname="06-command-execution.spec.ts" time="0">
<skipped>
</skipped>
</testcase>
<testcase name="Command Execution Tests › should handle commands with different exit codes" classname="06-command-execution.spec.ts" time="0">
<skipped>
</skipped>
</testcase>
<testcase name="Command Execution Tests › should handle commands with large output" classname="06-command-execution.spec.ts" time="0">
<skipped>
</skipped>
</testcase>
<testcase name="Command Execution Tests › should support command input/interaction" classname="06-command-execution.spec.ts" time="0">
<skipped>
</skipped>
</testcase>
<testcase name="Command Execution Tests › should persist command state across page reloads" classname="06-command-execution.spec.ts" time="0">
<skipped>
</skipped>
</testcase>
<testcase name="Command Execution Tests › should handle command timeout scenarios" classname="06-command-execution.spec.ts" time="0">
<skipped>
</skipped>
</testcase>
</testsuite>
<testsuite name="07-preview-functionality.spec.ts" timestamp="2025-08-22T20:31:50.546Z" hostname="chromium" tests="13" failures="0" skipped="13" time="0" errors="0">
<testcase name="Preview Functionality Tests › should generate sandbox URL for preview" classname="07-preview-functionality.spec.ts" time="0">
<skipped>
</skipped>
</testcase>
<testcase name="Preview Functionality Tests › should display preview in iframe" classname="07-preview-functionality.spec.ts" time="0">
<skipped>
</skipped>
</testcase>
<testcase name="Preview Functionality Tests › should handle preview loading states" classname="07-preview-functionality.spec.ts" time="0">
<skipped>
</skipped>
</testcase>
<testcase name="Preview Functionality Tests › should refresh preview when files change" classname="07-preview-functionality.spec.ts" time="0">
<skipped>
</skipped>
</testcase>
<testcase name="Preview Functionality Tests › should handle preview errors gracefully" classname="07-preview-functionality.spec.ts" time="0">
<skipped>
</skipped>
</testcase>
<testcase name="Preview Functionality Tests › should support multiple port previews" classname="07-preview-functionality.spec.ts" time="0">
<skipped>
</skipped>
</testcase>
<testcase name="Preview Functionality Tests › should handle responsive preview modes" classname="07-preview-functionality.spec.ts" time="0">
<skipped>
</skipped>
</testcase>
<testcase name="Preview Functionality Tests › should support preview zoom and scaling" classname="07-preview-functionality.spec.ts" time="0">
<skipped>
</skipped>
</testcase>
<testcase name="Preview Functionality Tests › should open preview in new tab" classname="07-preview-functionality.spec.ts" time="0">
<skipped>
</skipped>
</testcase>
<testcase name="Preview Functionality Tests › should show preview console logs" classname="07-preview-functionality.spec.ts" time="0">
<skipped>
</skipped>
</testcase>
<testcase name="Preview Functionality Tests › should handle preview authentication" classname="07-preview-functionality.spec.ts" time="0">
<skipped>
</skipped>
</testcase>
<testcase name="Preview Functionality Tests › should persist preview state across tab switches" classname="07-preview-functionality.spec.ts" time="0">
<skipped>
</skipped>
</testcase>
<testcase name="Preview Functionality Tests › should handle preview iframe communication" classname="07-preview-functionality.spec.ts" time="0">
<skipped>
</skipped>
</testcase>
</testsuite>
<testsuite name="08-api-endpoints.spec.ts" timestamp="2025-08-22T20:31:50.546Z" hostname="chromium" tests="14" failures="0" skipped="14" time="0" errors="0">
<testcase name="API Endpoints Tests › should handle chat API requests" classname="08-api-endpoints.spec.ts" time="0">
<skipped>
</skipped>
</testcase>
<testcase name="API Endpoints Tests › should handle models API requests" classname="08-api-endpoints.spec.ts" time="0">
<skipped>
</skipped>
</testcase>
<testcase name="API Endpoints Tests › should handle sandbox creation API" classname="08-api-endpoints.spec.ts" time="0">
<skipped>
</skipped>
</testcase>
<testcase name="API Endpoints Tests › should handle file operations API" classname="08-api-endpoints.spec.ts" time="0">
<skipped>
</skipped>
</testcase>
<testcase name="API Endpoints Tests › should handle command execution API" classname="08-api-endpoints.spec.ts" time="0">
<skipped>
</skipped>
</testcase>
<testcase name="API Endpoints Tests › should handle command logs API" classname="08-api-endpoints.spec.ts" time="0">
<skipped>
</skipped>
</testcase>
<testcase name="API Endpoints Tests › should handle sandbox URL generation API" classname="08-api-endpoints.spec.ts" time="0">
<skipped>
</skipped>
</testcase>
<testcase name="API Endpoints Tests › should handle API error responses gracefully" classname="08-api-endpoints.spec.ts" time="0">
<skipped>
</skipped>
</testcase>
<testcase name="API Endpoints Tests › should handle API rate limiting" classname="08-api-endpoints.spec.ts" time="0">
<skipped>
</skipped>
</testcase>
<testcase name="API Endpoints Tests › should handle API authentication errors" classname="08-api-endpoints.spec.ts" time="0">
<skipped>
</skipped>
</testcase>
<testcase name="API Endpoints Tests › should handle network timeouts" classname="08-api-endpoints.spec.ts" time="0">
<skipped>
</skipped>
</testcase>
<testcase name="API Endpoints Tests › should validate request payloads" classname="08-api-endpoints.spec.ts" time="0">
<skipped>
</skipped>
</testcase>
<testcase name="API Endpoints Tests › should handle concurrent API requests" classname="08-api-endpoints.spec.ts" time="0">
<skipped>
</skipped>
</testcase>
<testcase name="API Endpoints Tests › should handle API versioning" classname="08-api-endpoints.spec.ts" time="0">
<skipped>
</skipped>
</testcase>
</testsuite>
<testsuite name="09-integration-tests.spec.ts" timestamp="2025-08-22T20:31:50.546Z" hostname="chromium" tests="8" failures="0" skipped="8" time="0" errors="0">
<testcase name="Integration Tests - End-to-End User Journeys › should complete full development workflow: create → code → test → preview" classname="09-integration-tests.spec.ts" time="0">
<skipped>
</skipped>
</testcase>
<testcase name="Integration Tests - End-to-End User Journeys › should handle complex multi-step AI interactions" classname="09-integration-tests.spec.ts" time="0">
<skipped>
</skipped>
</testcase>
<testcase name="Integration Tests - End-to-End User Journeys › should maintain state consistency across components" classname="09-integration-tests.spec.ts" time="0">
<skipped>
</skipped>
</testcase>
<testcase name="Integration Tests - End-to-End User Journeys › should handle error recovery and continuation" classname="09-integration-tests.spec.ts" time="0">
<skipped>
</skipped>
</testcase>
<testcase name="Integration Tests - End-to-End User Journeys › should support collaborative-style interactions" classname="09-integration-tests.spec.ts" time="0">
<skipped>
</skipped>
</testcase>
<testcase name="Integration Tests - End-to-End User Journeys › should handle mixed content types and tools" classname="09-integration-tests.spec.ts" time="0">
<skipped>
</skipped>
</testcase>
<testcase name="Integration Tests - End-to-End User Journeys › should maintain performance with large projects" classname="09-integration-tests.spec.ts" time="0">
<skipped>
</skipped>
</testcase>
<testcase name="Integration Tests - End-to-End User Journeys › should support undo/redo-like behavior through conversation" classname="09-integration-tests.spec.ts" time="0">
<skipped>
</skipped>
</testcase>
</testsuite>
<testsuite name="10-performance-security.spec.ts" timestamp="2025-08-22T20:31:50.546Z" hostname="chromium" tests="15" failures="0" skipped="15" time="0" errors="0">
<testcase name="Performance Tests › should load initial page within reasonable time" classname="10-performance-security.spec.ts" time="0">
<skipped>
</skipped>
</testcase>
<testcase name="Performance Tests › should handle rapid message sending without performance degradation" classname="10-performance-security.spec.ts" time="0">
<skipped>
</skipped>
</testcase>
<testcase name="Performance Tests › should maintain responsive UI during long operations" classname="10-performance-security.spec.ts" time="0">
<skipped>
</skipped>
</testcase>
<testcase name="Performance Tests › should handle memory efficiently with large conversation history" classname="10-performance-security.spec.ts" time="0">
<skipped>
</skipped>
</testcase>
<testcase name="Performance Tests › should optimize file tree rendering for large projects" classname="10-performance-security.spec.ts" time="0">
<skipped>
</skipped>
</testcase>
<testcase name="Security Tests › should prevent XSS attacks in chat messages" classname="10-performance-security.spec.ts" time="0">
<skipped>
</skipped>
</testcase>
<testcase name="Security Tests › should sanitize file content display" classname="10-performance-security.spec.ts" time="0">
<skipped>
</skipped>
</testcase>
<testcase name="Security Tests › should handle malicious URLs in preview safely" classname="10-performance-security.spec.ts" time="0">
<skipped>
</skipped>
</testcase>
<testcase name="Security Tests › should validate API request payloads" classname="10-performance-security.spec.ts" time="0">
<skipped>
</skipped>
</testcase>
<testcase name="Security Tests › should handle bot detection properly" classname="10-performance-security.spec.ts" time="0">
<skipped>
</skipped>
</testcase>
<testcase name="Security Tests › should prevent command injection in sandbox operations" classname="10-performance-security.spec.ts" time="0">
<skipped>
</skipped>
</testcase>
<testcase name="Security Tests › should implement proper CORS handling" classname="10-performance-security.spec.ts" time="0">
<skipped>
</skipped>
</testcase>
<testcase name="Security Tests › should protect against CSRF attacks" classname="10-performance-security.spec.ts" time="0">
<skipped>
</skipped>
</testcase>
<testcase name="Security Tests › should handle sensitive data appropriately" classname="10-performance-security.spec.ts" time="0">
<skipped>
</skipped>
</testcase>
<testcase name="Security Tests › should validate file upload security" classname="10-performance-security.spec.ts" time="0">
<skipped>
</skipped>
</testcase>
</testsuite>
<testsuite name="01-core-ui.spec.ts" timestamp="2025-08-22T20:31:50.546Z" hostname="firefox" tests="12" failures="0" skipped="12" time="0" errors="0">
<testcase name="Core UI Tests › should display welcome modal on first visit" classname="01-core-ui.spec.ts" time="0">
<skipped>
</skipped>
</testcase>
<testcase name="Core UI Tests › should dismiss welcome modal and hide banner" classname="01-core-ui.spec.ts" time="0">
<skipped>
</skipped>
</testcase>
<testcase name="Core UI Tests › should display main layout with all sections" classname="01-core-ui.spec.ts" time="0">
<skipped>
</skipped>
</testcase>
<testcase name="Core UI Tests › should show test prompts when no messages" classname="01-core-ui.spec.ts" time="0">
<skipped>
</skipped>
</testcase>
<testcase name="Core UI Tests › should handle mobile responsive design" classname="01-core-ui.spec.ts" time="0">
<skipped>
</skipped>
</testcase>
<testcase name="Core UI Tests › should navigate between tabs on mobile" classname="01-core-ui.spec.ts" time="0">
<skipped>
</skipped>
</testcase>
<testcase name="Core UI Tests › should handle desktop layout correctly" classname="01-core-ui.spec.ts" time="0">
<skipped>
</skipped>
</testcase>
<testcase name="Core UI Tests › should maintain state across tab switches" classname="01-core-ui.spec.ts" time="0">
<skipped>
</skipped>
</testcase>
<testcase name="Core UI Tests › should handle theme switching" classname="01-core-ui.spec.ts" time="0">
<skipped>
</skipped>
</testcase>
<testcase name="Accessibility Tests › should be accessible with keyboard navigation" classname="01-core-ui.spec.ts" time="0">
<skipped>
</skipped>
</testcase>
<testcase name="Accessibility Tests › should have proper ARIA labels and roles" classname="01-core-ui.spec.ts" time="0">
<skipped>
</skipped>
</testcase>
<testcase name="Accessibility Tests › should work with screen reader simulation" classname="01-core-ui.spec.ts" time="0">
<skipped>
</skipped>
</testcase>
</testsuite>
<testsuite name="02-chat-interface.spec.ts" timestamp="2025-08-22T20:31:50.546Z" hostname="firefox" tests="12" failures="0" skipped="12" time="0" errors="0">
<testcase name="Chat Interface Tests › should send and receive messages" classname="02-chat-interface.spec.ts" time="0">
<skipped>
</skipped>
</testcase>
<testcase name="Chat Interface Tests › should handle message streaming" classname="02-chat-interface.spec.ts" time="0">
<skipped>
</skipped>
</testcase>
<testcase name="Chat Interface Tests › should show loading state during message sending" classname="02-chat-interface.spec.ts" time="0">
<skipped>
</skipped>
</testcase>
<testcase name="Chat Interface Tests › should handle empty messages gracefully" classname="02-chat-interface.spec.ts" time="0">
<skipped>
</skipped>
</testcase>
<testcase name="Chat Interface Tests › should persist messages across page reloads" classname="02-chat-interface.spec.ts" time="0">
<skipped>
</skipped>
</testcase>
<testcase name="Chat Interface Tests › should scroll to latest message automatically" classname="02-chat-interface.spec.ts" time="0">
<skipped>
</skipped>
</testcase>
<testcase name="Chat Interface Tests › should handle long messages with proper formatting" classname="02-chat-interface.spec.ts" time="0">
<skipped>
</skipped>
</testcase>
<testcase name="Chat Interface Tests › should handle code blocks in messages" classname="02-chat-interface.spec.ts" time="0">
<skipped>
</skipped>
</testcase>
<testcase name="Chat Interface Tests › should handle markdown formatting in messages" classname="02-chat-interface.spec.ts" time="0">
<skipped>
</skipped>
</testcase>
<testcase name="Chat Interface Tests › should clear input after sending message" classname="02-chat-interface.spec.ts" time="0">
<skipped>
</skipped>
</testcase>
<testcase name="Chat Interface Tests › should support keyboard shortcuts for sending" classname="02-chat-interface.spec.ts" time="0">
<skipped>
</skipped>
</testcase>
<testcase name="Chat Interface Tests › should handle network errors gracefully" classname="02-chat-interface.spec.ts" time="0">
<skipped>
</skipped>
</testcase>
</testsuite>
<testsuite name="03-model-selection.spec.ts" timestamp="2025-08-22T20:31:50.546Z" hostname="firefox" tests="11" failures="0" skipped="11" time="0" errors="0">
<testcase name="Model Selection Tests › should display available models" classname="03-model-selection.spec.ts" time="0">
<skipped>
</skipped>
</testcase>
<testcase name="Model Selection Tests › should default to GPT-5" classname="03-model-selection.spec.ts" time="0">
<skipped>
</skipped>
</testcase>
<testcase name="Model Selection Tests › should change model selection" classname="03-model-selection.spec.ts" time="0">
<skipped>
</skipped>
</testcase>
<testcase name="Model Selection Tests › should persist model selection across page reloads" classname="03-model-selection.spec.ts" time="0">
<skipped>
</skipped>
</testcase>
<testcase name="Model Selection Tests › should handle model loading errors" classname="03-model-selection.spec.ts" time="0">
<skipped>
</skipped>
</testcase>
<testcase name="Model Selection Tests › should show model capabilities or descriptions" classname="03-model-selection.spec.ts" time="0">
<skipped>
</skipped>
</testcase>
<testcase name="Model Selection Tests › should indicate current model in chat messages" classname="03-model-selection.spec.ts" time="0">
<skipped>
</skipped>
</testcase>
<testcase name="Model Selection Tests › should handle model switching during conversation" classname="03-model-selection.spec.ts" time="0">
<skipped>
</skipped>
</testcase>
<testcase name="Model Selection Tests › should handle invalid model selection gracefully" classname="03-model-selection.spec.ts" time="0">
<skipped>
</skipped>
</testcase>
<testcase name="Model Selection Tests › should show model status and availability" classname="03-model-selection.spec.ts" time="0">
<skipped>
</skipped>
</testcase>
<testcase name="Model Selection Tests › should support keyboard navigation in model selector" classname="03-model-selection.spec.ts" time="0">
<skipped>
</skipped>
</testcase>
</testsuite>
<testsuite name="04-sandbox-management.spec.ts" timestamp="2025-08-22T20:31:50.546Z" hostname="firefox" tests="11" failures="0" skipped="11" time="0" errors="0">
<testcase name="Sandbox Management Tests › should create sandbox through AI interaction" classname="04-sandbox-management.spec.ts" time="0">
<skipped>
</skipped>
</testcase>
<testcase name="Sandbox Management Tests › should display sandbox status and information" classname="04-sandbox-management.spec.ts" time="0">
<skipped>
</skipped>
</testcase>
<testcase name="Sandbox Management Tests › should handle sandbox creation failures" classname="04-sandbox-management.spec.ts" time="0">
<skipped>
</skipped>
</testcase>
<testcase name="Sandbox Management Tests › should manage multiple sandboxes" classname="04-sandbox-management.spec.ts" time="0">
<skipped>
</skipped>
</testcase>
<testcase name="Sandbox Management Tests › should handle sandbox timeouts" classname="04-sandbox-management.spec.ts" time="0">
<skipped>
</skipped>
</testcase>
<testcase name="Sandbox Management Tests › should show sandbox resource usage" classname="04-sandbox-management.spec.ts" time="0">
<skipped>
</skipped>
</testcase>
<testcase name="Sandbox Management Tests › should handle sandbox URL generation" classname="04-sandbox-management.spec.ts" time="0">
<skipped>
</skipped>
</testcase>
<testcase name="Sandbox Management Tests › should persist sandbox state across page reloads" classname="04-sandbox-management.spec.ts" time="0">
<skipped>
</skipped>
</testcase>
<testcase name="Sandbox Management Tests › should handle concurrent sandbox operations" classname="04-sandbox-management.spec.ts" time="0">
<skipped>
</skipped>
</testcase>
<testcase name="Sandbox Management Tests › should show sandbox activity logs" classname="04-sandbox-management.spec.ts" time="0">
<skipped>
</skipped>
</testcase>
<testcase name="Sandbox Management Tests › should handle sandbox cleanup and termination" classname="04-sandbox-management.spec.ts" time="0">
<skipped>
</skipped>
</testcase>
</testsuite>
<testsuite name="05-file-management.spec.ts" timestamp="2025-08-22T20:31:50.546Z" hostname="firefox" tests="13" failures="0" skipped="13" time="0" errors="0">
<testcase name="File Management Tests › should display file explorer with generated files" classname="05-file-management.spec.ts" time="0">
<skipped>
</skipped>
</testcase>
<testcase name="File Management Tests › should expand and collapse folders" classname="05-file-management.spec.ts" time="0">
<skipped>
</skipped>
</testcase>
<testcase name="File Management Tests › should display file content when clicked" classname="05-file-management.spec.ts" time="0">
<skipped>
</skipped>
</testcase>
<testcase name="File Management Tests › should show syntax highlighting for different file types" classname="05-file-management.spec.ts" time="0">
<skipped>
</skipped>
</testcase>
<testcase name="File Management Tests › should handle file loading errors gracefully" classname="05-file-management.spec.ts" time="0">
<skipped>
</skipped>
</testcase>
<testcase name="File Management Tests › should show file sizes and timestamps" classname="05-file-management.spec.ts" time="0">
<skipped>
</skipped>
</testcase>
<testcase name="File Management Tests › should support file search and filtering" classname="05-file-management.spec.ts" time="0">
<skipped>
</skipped>
</testcase>
<testcase name="File Management Tests › should handle deep folder structures" classname="05-file-management.spec.ts" time="0">
<skipped>
</skipped>
</testcase>
<testcase name="File Management Tests › should show file icons based on file types" classname="05-file-management.spec.ts" time="0">
<skipped>
</skipped>
</testcase>
<testcase name="File Management Tests › should maintain file explorer state during navigation" classname="05-file-management.spec.ts" time="0">
<skipped>
</skipped>
</testcase>
<testcase name="File Management Tests › should handle binary files appropriately" classname="05-file-management.spec.ts" time="0">
<skipped>
</skipped>
</testcase>
<testcase name="File Management Tests › should refresh file tree when new files are generated" classname="05-file-management.spec.ts" time="0">
<skipped>
</skipped>
</testcase>
<testcase name="File Management Tests › should handle large file lists efficiently" classname="05-file-management.spec.ts" time="0">
<skipped>
</skipped>
</testcase>
</testsuite>
<testsuite name="06-command-execution.spec.ts" timestamp="2025-08-22T20:31:50.546Z" hostname="firefox" tests="13" failures="0" skipped="13" time="0" errors="0">
<testcase name="Command Execution Tests › should execute npm install command" classname="06-command-execution.spec.ts" time="0">
<skipped>
</skipped>
</testcase>
<testcase name="Command Execution Tests › should show real-time command output" classname="06-command-execution.spec.ts" time="0">
<skipped>
</skipped>
</testcase>
<testcase name="Command Execution Tests › should handle command errors and failures" classname="06-command-execution.spec.ts" time="0">
<skipped>
</skipped>
</testcase>
<testcase name="Command Execution Tests › should display command logs in logs tab" classname="06-command-execution.spec.ts" time="0">
<skipped>
</skipped>
</testcase>
<testcase name="Command Execution Tests › should handle long-running commands" classname="06-command-execution.spec.ts" time="0">
<skipped>
</skipped>
</testcase>
<testcase name="Command Execution Tests › should support command termination" classname="06-command-execution.spec.ts" time="0">
<skipped>
</skipped>
</testcase>
<testcase name="Command Execution Tests › should handle multiple concurrent commands" classname="06-command-execution.spec.ts" time="0">
<skipped>
</skipped>
</testcase>
<testcase name="Command Execution Tests › should show command history in logs" classname="06-command-execution.spec.ts" time="0">
<skipped>
</skipped>
</testcase>
<testcase name="Command Execution Tests › should handle commands with different exit codes" classname="06-command-execution.spec.ts" time="0">
<skipped>
</skipped>
</testcase>
<testcase name="Command Execution Tests › should handle commands with large output" classname="06-command-execution.spec.ts" time="0">
<skipped>
</skipped>
</testcase>
<testcase name="Command Execution Tests › should support command input/interaction" classname="06-command-execution.spec.ts" time="0">
<skipped>
</skipped>
</testcase>
<testcase name="Command Execution Tests › should persist command state across page reloads" classname="06-command-execution.spec.ts" time="0">
<skipped>
</skipped>
</testcase>
<testcase name="Command Execution Tests › should handle command timeout scenarios" classname="06-command-execution.spec.ts" time="0">
<skipped>
</skipped>
</testcase>
</testsuite>
<testsuite name="07-preview-functionality.spec.ts" timestamp="2025-08-22T20:31:50.546Z" hostname="firefox" tests="13" failures="0" skipped="13" time="0" errors="0">
<testcase name="Preview Functionality Tests › should generate sandbox URL for preview" classname="07-preview-functionality.spec.ts" time="0">
<skipped>
</skipped>
</testcase>
<testcase name="Preview Functionality Tests › should display preview in iframe" classname="07-preview-functionality.spec.ts" time="0">
<skipped>
</skipped>
</testcase>
<testcase name="Preview Functionality Tests › should handle preview loading states" classname="07-preview-functionality.spec.ts" time="0">
<skipped>
</skipped>
</testcase>
<testcase name="Preview Functionality Tests › should refresh preview when files change" classname="07-preview-functionality.spec.ts" time="0">
<skipped>
</skipped>
</testcase>
<testcase name="Preview Functionality Tests › should handle preview errors gracefully" classname="07-preview-functionality.spec.ts" time="0">
<skipped>
</skipped>
</testcase>
<testcase name="Preview Functionality Tests › should support multiple port previews" classname="07-preview-functionality.spec.ts" time="0">
<skipped>
</skipped>
</testcase>
<testcase name="Preview Functionality Tests › should handle responsive preview modes" classname="07-preview-functionality.spec.ts" time="0">
<skipped>
</skipped>
</testcase>
<testcase name="Preview Functionality Tests › should support preview zoom and scaling" classname="07-preview-functionality.spec.ts" time="0">
<skipped>
</skipped>
</testcase>
<testcase name="Preview Functionality Tests › should open preview in new tab" classname="07-preview-functionality.spec.ts" time="0">
<skipped>
</skipped>
</testcase>
<testcase name="Preview Functionality Tests › should show preview console logs" classname="07-preview-functionality.spec.ts" time="0">
<skipped>
</skipped>
</testcase>
<testcase name="Preview Functionality Tests › should handle preview authentication" classname="07-preview-functionality.spec.ts" time="0">
<skipped>
</skipped>
</testcase>
<testcase name="Preview Functionality Tests › should persist preview state across tab switches" classname="07-preview-functionality.spec.ts" time="0">
<skipped>
</skipped>
</testcase>
<testcase name="Preview Functionality Tests › should handle preview iframe communication" classname="07-preview-functionality.spec.ts" time="0">
<skipped>
</skipped>
</testcase>
</testsuite>
<testsuite name="08-api-endpoints.spec.ts" timestamp="2025-08-22T20:31:50.546Z" hostname="firefox" tests="14" failures="0" skipped="14" time="0" errors="0">
<testcase name="API Endpoints Tests › should handle chat API requests" classname="08-api-endpoints.spec.ts" time="0">
<skipped>
</skipped>
</testcase>
<testcase name="API Endpoints Tests › should handle models API requests" classname="08-api-endpoints.spec.ts" time="0">
<skipped>
</skipped>
</testcase>
<testcase name="API Endpoints Tests › should handle sandbox creation API" classname="08-api-endpoints.spec.ts" time="0">
<skipped>
</skipped>
</testcase>
<testcase name="API Endpoints Tests › should handle file operations API" classname="08-api-endpoints.spec.ts" time="0">
<skipped>
</skipped>
</testcase>
<testcase name="API Endpoints Tests › should handle command execution API" classname="08-api-endpoints.spec.ts" time="0">
<skipped>
</skipped>
</testcase>
<testcase name="API Endpoints Tests › should handle command logs API" classname="08-api-endpoints.spec.ts" time="0">
<skipped>
</skipped>
</testcase>
<testcase name="API Endpoints Tests › should handle sandbox URL generation API" classname="08-api-endpoints.spec.ts" time="0">
<skipped>
</skipped>
</testcase>
<testcase name="API Endpoints Tests › should handle API error responses gracefully" classname="08-api-endpoints.spec.ts" time="0">
<skipped>
</skipped>
</testcase>
<testcase name="API Endpoints Tests › should handle API rate limiting" classname="08-api-endpoints.spec.ts" time="0">
<skipped>
</skipped>
</testcase>
<testcase name="API Endpoints Tests › should handle API authentication errors" classname="08-api-endpoints.spec.ts" time="0">
<skipped>
</skipped>
</testcase>
<testcase name="API Endpoints Tests › should handle network timeouts" classname="08-api-endpoints.spec.ts" time="0">
<skipped>
</skipped>
</testcase>
<testcase name="API Endpoints Tests › should validate request payloads" classname="08-api-endpoints.spec.ts" time="0">
<skipped>
</skipped>
</testcase>
<testcase name="API Endpoints Tests › should handle concurrent API requests" classname="08-api-endpoints.spec.ts" time="0">
<skipped>
</skipped>
</testcase>
<testcase name="API Endpoints Tests › should handle API versioning" classname="08-api-endpoints.spec.ts" time="0">
<skipped>
</skipped>
</testcase>
</testsuite>
<testsuite name="09-integration-tests.spec.ts" timestamp="2025-08-22T20:31:50.546Z" hostname="firefox" tests="8" failures="0" skipped="8" time="0" errors="0">
<testcase name="Integration Tests - End-to-End User Journeys › should complete full development workflow: create → code → test → preview" classname="09-integration-tests.spec.ts" time="0">
<skipped>
</skipped>
</testcase>
<testcase name="Integration Tests - End-to-End User Journeys › should handle complex multi-step AI interactions" classname="09-integration-tests.spec.ts" time="0">
<skipped>
</skipped>
</testcase>
<testcase name="Integration Tests - End-to-End User Journeys › should maintain state consistency across components" classname="09-integration-tests.spec.ts" time="0">
<skipped>
</skipped>
</testcase>
<testcase name="Integration Tests - End-to-End User Journeys › should handle error recovery and continuation" classname="09-integration-tests.spec.ts" time="0">
<skipped>
</skipped>
</testcase>
<testcase name="Integration Tests - End-to-End User Journeys › should support collaborative-style interactions" classname="09-integration-tests.spec.ts" time="0">
<skipped>
</skipped>
</testcase>
<testcase name="Integration Tests - End-to-End User Journeys › should handle mixed content types and tools" classname="09-integration-tests.spec.ts" time="0">
<skipped>
</skipped>
</testcase>
<testcase name="Integration Tests - End-to-End User Journeys › should maintain performance with large projects" classname="09-integration-tests.spec.ts" time="0">
<skipped>
</skipped>
</testcase>
<testcase name="Integration Tests - End-to-End User Journeys › should support undo/redo-like behavior through conversation" classname="09-integration-tests.spec.ts" time="0">
<skipped>
</skipped>
</testcase>
</testsuite>
<testsuite name="10-performance-security.spec.ts" timestamp="2025-08-22T20:31:50.546Z" hostname="firefox" tests="15" failures="0" skipped="15" time="0" errors="0">
<testcase name="Performance Tests › should load initial page within reasonable time" classname="10-performance-security.spec.ts" time="0">
<skipped>
</skipped>
</testcase>
<testcase name="Performance Tests › should handle rapid message sending without performance degradation" classname="10-performance-security.spec.ts" time="0">
<skipped>
</skipped>
</testcase>
<testcase name="Performance Tests › should maintain responsive UI during long operations" classname="10-performance-security.spec.ts" time="0">
<skipped>
</skipped>
</testcase>
<testcase name="Performance Tests › should handle memory efficiently with large conversation history" classname="10-performance-security.spec.ts" time="0">
<skipped>
</skipped>
</testcase>
<testcase name="Performance Tests › should optimize file tree rendering for large projects" classname="10-performance-security.spec.ts" time="0">
<skipped>
</skipped>
</testcase>
<testcase name="Security Tests › should prevent XSS attacks in chat messages" classname="10-performance-security.spec.ts" time="0">
<skipped>
</skipped>
</testcase>
<testcase name="Security Tests › should sanitize file content display" classname="10-performance-security.spec.ts" time="0">
<skipped>
</skipped>
</testcase>
<testcase name="Security Tests › should handle malicious URLs in preview safely" classname="10-performance-security.spec.ts" time="0">
<skipped>
</skipped>
</testcase>
<testcase name="Security Tests › should validate API request payloads" classname="10-performance-security.spec.ts" time="0">
<skipped>
</skipped>
</testcase>
<testcase name="Security Tests › should handle bot detection properly" classname="10-performance-security.spec.ts" time="0">
<skipped>
</skipped>
</testcase>
<testcase name="Security Tests › should prevent command injection in sandbox operations" classname="10-performance-security.spec.ts" time="0">
<skipped>
</skipped>
</testcase>
<testcase name="Security Tests › should implement proper CORS handling" classname="10-performance-security.spec.ts" time="0">
<skipped>
</skipped>
</testcase>
<testcase name="Security Tests › should protect against CSRF attacks" classname="10-performance-security.spec.ts" time="0">
<skipped>
</skipped>
</testcase>
<testcase name="Security Tests › should handle sensitive data appropriately" classname="10-performance-security.spec.ts" time="0">
<skipped>
</skipped>
</testcase>
<testcase name="Security Tests › should validate file upload security" classname="10-performance-security.spec.ts" time="0">
<skipped>
</skipped>
</testcase>
</testsuite>
<testsuite name="01-core-ui.spec.ts" timestamp="2025-08-22T20:31:50.546Z" hostname="webkit" tests="12" failures="0" skipped="12" time="0" errors="0">
<testcase name="Core UI Tests › should display welcome modal on first visit" classname="01-core-ui.spec.ts" time="0">
<skipped>
</skipped>
</testcase>
<testcase name="Core UI Tests › should dismiss welcome modal and hide banner" classname="01-core-ui.spec.ts" time="0">
<skipped>
</skipped>
</testcase>
<testcase name="Core UI Tests › should display main layout with all sections" classname="01-core-ui.spec.ts" time="0">
<skipped>
</skipped>
</testcase>
<testcase name="Core UI Tests › should show test prompts when no messages" classname="01-core-ui.spec.ts" time="0">
<skipped>
</skipped>
</testcase>
<testcase name="Core UI Tests › should handle mobile responsive design" classname="01-core-ui.spec.ts" time="0">
<skipped>
</skipped>
</testcase>
<testcase name="Core UI Tests › should navigate between tabs on mobile" classname="01-core-ui.spec.ts" time="0">
<skipped>
</skipped>
</testcase>
<testcase name="Core UI Tests › should handle desktop layout correctly" classname="01-core-ui.spec.ts" time="0">
<skipped>
</skipped>
</testcase>
<testcase name="Core UI Tests › should maintain state across tab switches" classname="01-core-ui.spec.ts" time="0">
<skipped>
</skipped>
</testcase>
<testcase name="Core UI Tests › should handle theme switching" classname="01-core-ui.spec.ts" time="0">
<skipped>
</skipped>
</testcase>
<testcase name="Accessibility Tests › should be accessible with keyboard navigation" classname="01-core-ui.spec.ts" time="0">
<skipped>
</skipped>
</testcase>
<testcase name="Accessibility Tests › should have proper ARIA labels and roles" classname="01-core-ui.spec.ts" time="0">
<skipped>
</skipped>
</testcase>
<testcase name="Accessibility Tests › should work with screen reader simulation" classname="01-core-ui.spec.ts" time="0">
<skipped>
</skipped>
</testcase>
</testsuite>
<testsuite name="02-chat-interface.spec.ts" timestamp="2025-08-22T20:31:50.546Z" hostname="webkit" tests="12" failures="0" skipped="12" time="0" errors="0">
<testcase name="Chat Interface Tests › should send and receive messages" classname="02-chat-interface.spec.ts" time="0">
<skipped>
</skipped>
</testcase>
<testcase name="Chat Interface Tests › should handle message streaming" classname="02-chat-interface.spec.ts" time="0">
<skipped>
</skipped>
</testcase>
<testcase name="Chat Interface Tests › should show loading state during message sending" classname="02-chat-interface.spec.ts" time="0">
<skipped>
</skipped>
</testcase>
<testcase name="Chat Interface Tests › should handle empty messages gracefully" classname="02-chat-interface.spec.ts" time="0">
<skipped>
</skipped>
</testcase>
<testcase name="Chat Interface Tests › should persist messages across page reloads" classname="02-chat-interface.spec.ts" time="0">
<skipped>
</skipped>
</testcase>
<testcase name="Chat Interface Tests › should scroll to latest message automatically" classname="02-chat-interface.spec.ts" time="0">
<skipped>
</skipped>
</testcase>
<testcase name="Chat Interface Tests › should handle long messages with proper formatting" classname="02-chat-interface.spec.ts" time="0">
<skipped>
</skipped>
</testcase>
<testcase name="Chat Interface Tests › should handle code blocks in messages" classname="02-chat-interface.spec.ts" time="0">
<skipped>
</skipped>
</testcase>
<testcase name="Chat Interface Tests › should handle markdown formatting in messages" classname="02-chat-interface.spec.ts" time="0">
<skipped>
</skipped>
</testcase>
<testcase name="Chat Interface Tests › should clear input after sending message" classname="02-chat-interface.spec.ts" time="0">
<skipped>
</skipped>
</testcase>
<testcase name="Chat Interface Tests › should support keyboard shortcuts for sending" classname="02-chat-interface.spec.ts" time="0">
<skipped>
</skipped>
</testcase>
<testcase name="Chat Interface Tests › should handle network errors gracefully" classname="02-chat-interface.spec.ts" time="0">
<skipped>
</skipped>
</testcase>
</testsuite>
<testsuite name="03-model-selection.spec.ts" timestamp="2025-08-22T20:31:50.546Z" hostname="webkit" tests="11" failures="0" skipped="11" time="0" errors="0">
<testcase name="Model Selection Tests › should display available models" classname="03-model-selection.spec.ts" time="0">
<skipped>
</skipped>
</testcase>
<testcase name="Model Selection Tests › should default to GPT-5" classname="03-model-selection.spec.ts" time="0">
<skipped>
</skipped>
</testcase>
<testcase name="Model Selection Tests › should change model selection" classname="03-model-selection.spec.ts" time="0">
<skipped>
</skipped>
</testcase>
<testcase name="Model Selection Tests › should persist model selection across page reloads" classname="03-model-selection.spec.ts" time="0">
<skipped>
</skipped>
</testcase>
<testcase name="Model Selection Tests › should handle model loading errors" classname="03-model-selection.spec.ts" time="0">
<skipped>
</skipped>
</testcase>
<testcase name="Model Selection Tests › should show model capabilities or descriptions" classname="03-model-selection.spec.ts" time="0">
<skipped>
</skipped>
</testcase>
<testcase name="Model Selection Tests › should indicate current model in chat messages" classname="03-model-selection.spec.ts" time="0">
<skipped>
</skipped>
</testcase>
<testcase name="Model Selection Tests › should handle model switching during conversation" classname="03-model-selection.spec.ts" time="0">
<skipped>
</skipped>
</testcase>
<testcase name="Model Selection Tests › should handle invalid model selection gracefully" classname="03-model-selection.spec.ts" time="0">
<skipped>
</skipped>
</testcase>
<testcase name="Model Selection Tests › should show model status and availability" classname="03-model-selection.spec.ts" time="0">
<skipped>
</skipped>
</testcase>
<testcase name="Model Selection Tests › should support keyboard navigation in model selector" classname="03-model-selection.spec.ts" time="0">
<skipped>
</skipped>
</testcase>
</testsuite>
<testsuite name="04-sandbox-management.spec.ts" timestamp="2025-08-22T20:31:50.546Z" hostname="webkit" tests="11" failures="0" skipped="11" time="0" errors="0">
<testcase name="Sandbox Management Tests › should create sandbox through AI interaction" classname="04-sandbox-management.spec.ts" time="0">
<skipped>
</skipped>
</testcase>
<testcase name="Sandbox Management Tests › should display sandbox status and information" classname="04-sandbox-management.spec.ts" time="0">
<skipped>
</skipped>
</testcase>
<testcase name="Sandbox Management Tests › should handle sandbox creation failures" classname="04-sandbox-management.spec.ts" time="0">
<skipped>
</skipped>
</testcase>
<testcase name="Sandbox Management Tests › should manage multiple sandboxes" classname="04-sandbox-management.spec.ts" time="0">
<skipped>
</skipped>
</testcase>
<testcase name="Sandbox Management Tests › should handle sandbox timeouts" classname="04-sandbox-management.spec.ts" time="0">
<skipped>
</skipped>
</testcase>
<testcase name="Sandbox Management Tests › should show sandbox resource usage" classname="04-sandbox-management.spec.ts" time="0">
<skipped>
</skipped>
</testcase>
<testcase name="Sandbox Management Tests › should handle sandbox URL generation" classname="04-sandbox-management.spec.ts" time="0">
<skipped>
</skipped>
</testcase>
<testcase name="Sandbox Management Tests › should persist sandbox state across page reloads" classname="04-sandbox-management.spec.ts" time="0">
<skipped>
</skipped>
</testcase>
<testcase name="Sandbox Management Tests › should handle concurrent sandbox operations" classname="04-sandbox-management.spec.ts" time="0">
<skipped>
</skipped>
</testcase>
<testcase name="Sandbox Management Tests › should show sandbox activity logs" classname="04-sandbox-management.spec.ts" time="0">
<skipped>
</skipped>
</testcase>
<testcase name="Sandbox Management Tests › should handle sandbox cleanup and termination" classname="04-sandbox-management.spec.ts" time="0">
<skipped>
</skipped>
</testcase>
</testsuite>
<testsuite name="05-file-management.spec.ts" timestamp="2025-08-22T20:31:50.546Z" hostname="webkit" tests="13" failures="0" skipped="13" time="0" errors="0">
<testcase name="File Management Tests › should display file explorer with generated files" classname="05-file-management.spec.ts" time="0">
<skipped>
</skipped>
</testcase>
<testcase name="File Management Tests › should expand and collapse folders" classname="05-file-management.spec.ts" time="0">
<skipped>
</skipped>
</testcase>
<testcase name="File Management Tests › should display file content when clicked" classname="05-file-management.spec.ts" time="0">
<skipped>
</skipped>
</testcase>
<testcase name="File Management Tests › should show syntax highlighting for different file types" classname="05-file-management.spec.ts" time="0">
<skipped>
</skipped>
</testcase>
<testcase name="File Management Tests › should handle file loading errors gracefully" classname="05-file-management.spec.ts" time="0">
<skipped>
</skipped>
</testcase>
<testcase name="File Management Tests › should show file sizes and timestamps" classname="05-file-management.spec.ts" time="0">
<skipped>
</skipped>
</testcase>
<testcase name="File Management Tests › should support file search and filtering" classname="05-file-management.spec.ts" time="0">
<skipped>
</skipped>
</testcase>
<testcase name="File Management Tests › should handle deep folder structures" classname="05-file-management.spec.ts" time="0">
<skipped>
</skipped>
</testcase>
<testcase name="File Management Tests › should show file icons based on file types" classname="05-file-management.spec.ts" time="0">
<skipped>
</skipped>
</testcase>
<testcase name="File Management Tests › should maintain file explorer state during navigation" classname="05-file-management.spec.ts" time="0">
<skipped>
</skipped>
</testcase>
<testcase name="File Management Tests › should handle binary files appropriately" classname="05-file-management.spec.ts" time="0">
<skipped>
</skipped>
</testcase>
<testcase name="File Management Tests › should refresh file tree when new files are generated" classname="05-file-management.spec.ts" time="0">
<skipped>
</skipped>
</testcase>
<testcase name="File Management Tests › should handle large file lists efficiently" classname="05-file-management.spec.ts" time="0">
<skipped>
</skipped>
</testcase>
</testsuite>
<testsuite name="06-command-execution.spec.ts" timestamp="2025-08-22T20:31:50.546Z" hostname="webkit" tests="13" failures="0" skipped="13" time="0" errors="0">
<testcase name="Command Execution Tests › should execute npm install command" classname="06-command-execution.spec.ts" time="0">
<skipped>
</skipped>
</testcase>
<testcase name="Command Execution Tests › should show real-time command output" classname="06-command-execution.spec.ts" time="0">
<skipped>
</skipped>
</testcase>
<testcase name="Command Execution Tests › should handle command errors and failures" classname="06-command-execution.spec.ts" time="0">
<skipped>
</skipped>
</testcase>
<testcase name="Command Execution Tests › should display command logs in logs tab" classname="06-command-execution.spec.ts" time="0">
<skipped>
</skipped>
</testcase>
<testcase name="Command Execution Tests › should handle long-running commands" classname="06-command-execution.spec.ts" time="0">
<skipped>
</skipped>
</testcase>
<testcase name="Command Execution Tests › should support command termination" classname="06-command-execution.spec.ts" time="0">
<skipped>
</skipped>
</testcase>
<testcase name="Command Execution Tests › should handle multiple concurrent commands" classname="06-command-execution.spec.ts" time="0">
<skipped>
</skipped>
</testcase>
<testcase name="Command Execution Tests › should show command history in logs" classname="06-command-execution.spec.ts" time="0">
<skipped>
</skipped>
</testcase>
<testcase name="Command Execution Tests › should handle commands with different exit codes" classname="06-command-execution.spec.ts" time="0">
<skipped>
</skipped>
</testcase>
<testcase name="Command Execution Tests › should handle commands with large output" classname="06-command-execution.spec.ts" time="0">
<skipped>
</skipped>
</testcase>
<testcase name="Command Execution Tests › should support command input/interaction" classname="06-command-execution.spec.ts" time="0">
<skipped>
</skipped>
</testcase>
<testcase name="Command Execution Tests › should persist command state across page reloads" classname="06-command-execution.spec.ts" time="0">
<skipped>
</skipped>
</testcase>
<testcase name="Command Execution Tests › should handle command timeout scenarios" classname="06-command-execution.spec.ts" time="0">
<skipped>
</skipped>
</testcase>
</testsuite>
<testsuite name="07-preview-functionality.spec.ts" timestamp="2025-08-22T20:31:50.546Z" hostname="webkit" tests="13" failures="0" skipped="13" time="0" errors="0">
<testcase name="Preview Functionality Tests › should generate sandbox URL for preview" classname="07-preview-functionality.spec.ts" time="0">
<skipped>
</skipped>
</testcase>
<testcase name="Preview Functionality Tests › should display preview in iframe" classname="07-preview-functionality.spec.ts" time="0">
<skipped>
</skipped>
</testcase>
<testcase name="Preview Functionality Tests › should handle preview loading states" classname="07-preview-functionality.spec.ts" time="0">
<skipped>
</skipped>
</testcase>
<testcase name="Preview Functionality Tests › should refresh preview when files change" classname="07-preview-functionality.spec.ts" time="0">
<skipped>
</skipped>
</testcase>
<testcase name="Preview Functionality Tests › should handle preview errors gracefully" classname="07-preview-functionality.spec.ts" time="0">
<skipped>
</skipped>
</testcase>
<testcase name="Preview Functionality Tests › should support multiple port previews" classname="07-preview-functionality.spec.ts" time="0">
<skipped>
</skipped>
</testcase>
<testcase name="Preview Functionality Tests › should handle responsive preview modes" classname="07-preview-functionality.spec.ts" time="0">
<skipped>
</skipped>
</testcase>
<testcase name="Preview Functionality Tests › should support preview zoom and scaling" classname="07-preview-functionality.spec.ts" time="0">
<skipped>
</skipped>
</testcase>
<testcase name="Preview Functionality Tests › should open preview in new tab" classname="07-preview-functionality.spec.ts" time="0">
<skipped>
</skipped>
</testcase>
<testcase name="Preview Functionality Tests › should show preview console logs" classname="07-preview-functionality.spec.ts" time="0">
<skipped>
</skipped>
</testcase>
<testcase name="Preview Functionality Tests › should handle preview authentication" classname="07-preview-functionality.spec.ts" time="0">
<skipped>
</skipped>
</testcase>
<testcase name="Preview Functionality Tests › should persist preview state across tab switches" classname="07-preview-functionality.spec.ts" time="0">
<skipped>
</skipped>
</testcase>
<testcase name="Preview Functionality Tests › should handle preview iframe communication" classname="07-preview-functionality.spec.ts" time="0">
<skipped>
</skipped>
</testcase>
</testsuite>
<testsuite name="08-api-endpoints.spec.ts" timestamp="2025-08-22T20:31:50.546Z" hostname="webkit" tests="14" failures="0" skipped="14" time="0" errors="0">
<testcase name="API Endpoints Tests › should handle chat API requests" classname="08-api-endpoints.spec.ts" time="0">
<skipped>
</skipped>
</testcase>
<testcase name="API Endpoints Tests › should handle models API requests" classname="08-api-endpoints.spec.ts" time="0">
<skipped>
</skipped>
</testcase>
<testcase name="API Endpoints Tests › should handle sandbox creation API" classname="08-api-endpoints.spec.ts" time="0">
<skipped>
</skipped>
</testcase>
<testcase name="API Endpoints Tests › should handle file operations API" classname="08-api-endpoints.spec.ts" time="0">
<skipped>
</skipped>
</testcase>
<testcase name="API Endpoints Tests › should handle command execution API" classname="08-api-endpoints.spec.ts" time="0">
<skipped>
</skipped>
</testcase>
<testcase name="API Endpoints Tests › should handle command logs API" classname="08-api-endpoints.spec.ts" time="0">
<skipped>
</skipped>
</testcase>
<testcase name="API Endpoints Tests › should handle sandbox URL generation API" classname="08-api-endpoints.spec.ts" time="0">
<skipped>
</skipped>
</testcase>
<testcase name="API Endpoints Tests › should handle API error responses gracefully" classname="08-api-endpoints.spec.ts" time="0">
<skipped>
</skipped>
</testcase>
<testcase name="API Endpoints Tests › should handle API rate limiting" classname="08-api-endpoints.spec.ts" time="0">
<skipped>
</skipped>
</testcase>
<testcase name="API Endpoints Tests › should handle API authentication errors" classname="08-api-endpoints.spec.ts" time="0">
<skipped>
</skipped>
</testcase>
<testcase name="API Endpoints Tests › should handle network timeouts" classname="08-api-endpoints.spec.ts" time="0">
<skipped>
</skipped>
</testcase>
<testcase name="API Endpoints Tests › should validate request payloads" classname="08-api-endpoints.spec.ts" time="0">
<skipped>
</skipped>
</testcase>
<testcase name="API Endpoints Tests › should handle concurrent API requests" classname="08-api-endpoints.spec.ts" time="0">
<skipped>
</skipped>
</testcase>
<testcase name="API Endpoints Tests › should handle API versioning" classname="08-api-endpoints.spec.ts" time="0">
<skipped>
</skipped>
</testcase>
</testsuite>
<testsuite name="09-integration-tests.spec.ts" timestamp="2025-08-22T20:31:50.546Z" hostname="webkit" tests="8" failures="0" skipped="8" time="0" errors="0">
<testcase name="Integration Tests - End-to-End User Journeys › should complete full development workflow: create → code → test → preview" classname="09-integration-tests.spec.ts" time="0">
<skipped>
</skipped>
</testcase>
<testcase name="Integration Tests - End-to-End User Journeys › should handle complex multi-step AI interactions" classname="09-integration-tests.spec.ts" time="0">
<skipped>
</skipped>
</testcase>
<testcase name="Integration Tests - End-to-End User Journeys › should maintain state consistency across components" classname="09-integration-tests.spec.ts" time="0">
<skipped>
</skipped>
</testcase>
<testcase name="Integration Tests - End-to-End User Journeys › should handle error recovery and continuation" classname="09-integration-tests.spec.ts" time="0">
<skipped>
</skipped>
</testcase>
<testcase name="Integration Tests - End-to-End User Journeys › should support collaborative-style interactions" classname="09-integration-tests.spec.ts" time="0">
<skipped>
</skipped>
</testcase>
<testcase name="Integration Tests - End-to-End User Journeys › should handle mixed content types and tools" classname="09-integration-tests.spec.ts" time="0">
<skipped>
</skipped>
</testcase>
<testcase name="Integration Tests - End-to-End User Journeys › should maintain performance with large projects" classname="09-integration-tests.spec.ts" time="0">
<skipped>
</skipped>
</testcase>
<testcase name="Integration Tests - End-to-End User Journeys › should support undo/redo-like behavior through conversation" classname="09-integration-tests.spec.ts" time="0">
<skipped>
</skipped>
</testcase>
</testsuite>
<testsuite name="10-performance-security.spec.ts" timestamp="2025-08-22T20:31:50.546Z" hostname="webkit" tests="15" failures="0" skipped="15" time="0" errors="0">
<testcase name="Performance Tests › should load initial page within reasonable time" classname="10-performance-security.spec.ts" time="0">
<skipped>
</skipped>
</testcase>
<testcase name="Performance Tests › should handle rapid message sending without performance degradation" classname="10-performance-security.spec.ts" time="0">
<skipped>
</skipped>
</testcase>
<testcase name="Performance Tests › should maintain responsive UI during long operations" classname="10-performance-security.spec.ts" time="0">
<skipped>
</skipped>
</testcase>
<testcase name="Performance Tests › should handle memory efficiently with large conversation history" classname="10-performance-security.spec.ts" time="0">
<skipped>
</skipped>
</testcase>
<testcase name="Performance Tests › should optimize file tree rendering for large projects" classname="10-performance-security.spec.ts" time="0">
<skipped>
</skipped>
</testcase>
<testcase name="Security Tests › should prevent XSS attacks in chat messages" classname="10-performance-security.spec.ts" time="0">
<skipped>
</skipped>
</testcase>
<testcase name="Security Tests › should sanitize file content display" classname="10-performance-security.spec.ts" time="0">
<skipped>
</skipped>
</testcase>
<testcase name="Security Tests › should handle malicious URLs in preview safely" classname="10-performance-security.spec.ts" time="0">
<skipped>
</skipped>
</testcase>
<testcase name="Security Tests › should validate API request payloads" classname="10-performance-security.spec.ts" time="0">
<skipped>
</skipped>
</testcase>
<testcase name="Security Tests › should handle bot detection properly" classname="10-performance-security.spec.ts" time="0">
<skipped>
</skipped>
</testcase>
<testcase name="Security Tests › should prevent command injection in sandbox operations" classname="10-performance-security.spec.ts" time="0">
<skipped>
</skipped>
</testcase>
<testcase name="Security Tests › should implement proper CORS handling" classname="10-performance-security.spec.ts" time="0">
<skipped>
</skipped>
</testcase>
<testcase name="Security Tests › should protect against CSRF attacks" classname="10-performance-security.spec.ts" time="0">
<skipped>
</skipped>
</testcase>
<testcase name="Security Tests › should handle sensitive data appropriately" classname="10-performance-security.spec.ts" time="0">
<skipped>
</skipped>
</testcase>
<testcase name="Security Tests › should validate file upload security" classname="10-performance-security.spec.ts" time="0">
<skipped>
</skipped>
</testcase>
</testsuite>
<testsuite name="01-core-ui.spec.ts" timestamp="2025-08-22T20:31:50.546Z" hostname="mobile-chrome" tests="12" failures="0" skipped="12" time="0" errors="0">
<testcase name="Core UI Tests › should display welcome modal on first visit" classname="01-core-ui.spec.ts" time="0">
<skipped>
</skipped>
</testcase>
<testcase name="Core UI Tests › should dismiss welcome modal and hide banner" classname="01-core-ui.spec.ts" time="0">
<skipped>
</skipped>
</testcase>
<testcase name="Core UI Tests › should display main layout with all sections" classname="01-core-ui.spec.ts" time="0">
<skipped>
</skipped>
</testcase>
<testcase name="Core UI Tests › should show test prompts when no messages" classname="01-core-ui.spec.ts" time="0">
<skipped>
</skipped>
</testcase>
<testcase name="Core UI Tests › should handle mobile responsive design" classname="01-core-ui.spec.ts" time="0">
<skipped>
</skipped>
</testcase>
<testcase name="Core UI Tests › should navigate between tabs on mobile" classname="01-core-ui.spec.ts" time="0">
<skipped>
</skipped>
</testcase>
<testcase name="Core UI Tests › should handle desktop layout correctly" classname="01-core-ui.spec.ts" time="0">
<skipped>
</skipped>
</testcase>
<testcase name="Core UI Tests › should maintain state across tab switches" classname="01-core-ui.spec.ts" time="0">
<skipped>
</skipped>
</testcase>
<testcase name="Core UI Tests › should handle theme switching" classname="01-core-ui.spec.ts" time="0">
<skipped>
</skipped>
</testcase>
<testcase name="Accessibility Tests › should be accessible with keyboard navigation" classname="01-core-ui.spec.ts" time="0">
<skipped>
</skipped>
</testcase>
<testcase name="Accessibility Tests › should have proper ARIA labels and roles" classname="01-core-ui.spec.ts" time="0">
<skipped>
</skipped>
</testcase>
<testcase name="Accessibility Tests › should work with screen reader simulation" classname="01-core-ui.spec.ts" time="0">
<skipped>
</skipped>
</testcase>
</testsuite>
<testsuite name="02-chat-interface.spec.ts" timestamp="2025-08-22T20:31:50.546Z" hostname="mobile-chrome" tests="12" failures="0" skipped="12" time="0" errors="0">
<testcase name="Chat Interface Tests › should send and receive messages" classname="02-chat-interface.spec.ts" time="0">
<skipped>
</skipped>
</testcase>
<testcase name="Chat Interface Tests › should handle message streaming" classname="02-chat-interface.spec.ts" time="0">
<skipped>
</skipped>
</testcase>
<testcase name="Chat Interface Tests › should show loading state during message sending" classname="02-chat-interface.spec.ts" time="0">
<skipped>
</skipped>
</testcase>
<testcase name="Chat Interface Tests › should handle empty messages gracefully" classname="02-chat-interface.spec.ts" time="0">
<skipped>
</skipped>
</testcase>
<testcase name="Chat Interface Tests › should persist messages across page reloads" classname="02-chat-interface.spec.ts" time="0">
<skipped>
</skipped>
</testcase>
<testcase name="Chat Interface Tests › should scroll to latest message automatically" classname="02-chat-interface.spec.ts" time="0">
<skipped>
</skipped>
</testcase>
<testcase name="Chat Interface Tests › should handle long messages with proper formatting" classname="02-chat-interface.spec.ts" time="0">
<skipped>
</skipped>
</testcase>
<testcase name="Chat Interface Tests › should handle code blocks in messages" classname="02-chat-interface.spec.ts" time="0">
<skipped>
</skipped>
</testcase>
<testcase name="Chat Interface Tests › should handle markdown formatting in messages" classname="02-chat-interface.spec.ts" time="0">
<skipped>
</skipped>
</testcase>
<testcase name="Chat Interface Tests › should clear input after sending message" classname="02-chat-interface.spec.ts" time="0">
<skipped>
</skipped>
</testcase>
<testcase name="Chat Interface Tests › should support keyboard shortcuts for sending" classname="02-chat-interface.spec.ts" time="0">
<skipped>
</skipped>
</testcase>
<testcase name="Chat Interface Tests › should handle network errors gracefully" classname="02-chat-interface.spec.ts" time="0">
<skipped>
</skipped>
</testcase>
</testsuite>
<testsuite name="03-model-selection.spec.ts" timestamp="2025-08-22T20:31:50.546Z" hostname="mobile-chrome" tests="11" failures="0" skipped="11" time="0" errors="0">
<testcase name="Model Selection Tests › should display available models" classname="03-model-selection.spec.ts" time="0">
<skipped>
</skipped>
</testcase>
<testcase name="Model Selection Tests › should default to GPT-5" classname="03-model-selection.spec.ts" time="0">
<skipped>
</skipped>
</testcase>
<testcase name="Model Selection Tests › should change model selection" classname="03-model-selection.spec.ts" time="0">
<skipped>
</skipped>
</testcase>
<testcase name="Model Selection Tests › should persist model selection across page reloads" classname="03-model-selection.spec.ts" time="0">
<skipped>
</skipped>
</testcase>
<testcase name="Model Selection Tests › should handle model loading errors" classname="03-model-selection.spec.ts" time="0">
<skipped>
</skipped>
</testcase>
<testcase name="Model Selection Tests › should show model capabilities or descriptions" classname="03-model-selection.spec.ts" time="0">
<skipped>
</skipped>
</testcase>
<testcase name="Model Selection Tests › should indicate current model in chat messages" classname="03-model-selection.spec.ts" time="0">
<skipped>
</skipped>
</testcase>
<testcase name="Model Selection Tests › should handle model switching during conversation" classname="03-model-selection.spec.ts" time="0">
<skipped>
</skipped>
</testcase>
<testcase name="Model Selection Tests › should handle invalid model selection gracefully" classname="03-model-selection.spec.ts" time="0">
<skipped>
</skipped>
</testcase>
<testcase name="Model Selection Tests › should show model status and availability" classname="03-model-selection.spec.ts" time="0">
<skipped>
</skipped>
</testcase>
<testcase name="Model Selection Tests › should support keyboard navigation in model selector" classname="03-model-selection.spec.ts" time="0">
<skipped>
</skipped>
</testcase>
</testsuite>
<testsuite name="04-sandbox-management.spec.ts" timestamp="2025-08-22T20:31:50.546Z" hostname="mobile-chrome" tests="11" failures="0" skipped="11" time="0" errors="0">
<testcase name="Sandbox Management Tests › should create sandbox through AI interaction" classname="04-sandbox-management.spec.ts" time="0">
<skipped>
</skipped>
</testcase>
<testcase name="Sandbox Management Tests › should display sandbox status and information" classname="04-sandbox-management.spec.ts" time="0">
<skipped>
</skipped>
</testcase>
<testcase name="Sandbox Management Tests › should handle sandbox creation failures" classname="04-sandbox-management.spec.ts" time="0">
<skipped>
</skipped>
</testcase>
<testcase name="Sandbox Management Tests › should manage multiple sandboxes" classname="04-sandbox-management.spec.ts" time="0">
<skipped>
</skipped>
</testcase>
<testcase name="Sandbox Management Tests › should handle sandbox timeouts" classname="04-sandbox-management.spec.ts" time="0">
<skipped>
</skipped>
</testcase>
<testcase name="Sandbox Management Tests › should show sandbox resource usage" classname="04-sandbox-management.spec.ts" time="0">
<skipped>
</skipped>
</testcase>
<testcase name="Sandbox Management Tests › should handle sandbox URL generation" classname="04-sandbox-management.spec.ts" time="0">
<skipped>
</skipped>
</testcase>
<testcase name="Sandbox Management Tests › should persist sandbox state across page reloads" classname="04-sandbox-management.spec.ts" time="0">
<skipped>
</skipped>
</testcase>
<testcase name="Sandbox Management Tests › should handle concurrent sandbox operations" classname="04-sandbox-management.spec.ts" time="0">
<skipped>
</skipped>
</testcase>
<testcase name="Sandbox Management Tests › should show sandbox activity logs" classname="04-sandbox-management.spec.ts" time="0">
<skipped>
</skipped>
</testcase>
<testcase name="Sandbox Management Tests › should handle sandbox cleanup and termination" classname="04-sandbox-management.spec.ts" time="0">
<skipped>
</skipped>
</testcase>
</testsuite>
<testsuite name="05-file-management.spec.ts" timestamp="2025-08-22T20:31:50.546Z" hostname="mobile-chrome" tests="13" failures="0" skipped="13" time="0" errors="0">
<testcase name="File Management Tests › should display file explorer with generated files" classname="05-file-management.spec.ts" time="0">
<skipped>
</skipped>
</testcase>
<testcase name="File Management Tests › should expand and collapse folders" classname="05-file-management.spec.ts" time="0">
<skipped>
</skipped>
</testcase>
<testcase name="File Management Tests › should display file content when clicked" classname="05-file-management.spec.ts" time="0">
<skipped>
</skipped>
</testcase>
<testcase name="File Management Tests › should show syntax highlighting for different file types" classname="05-file-management.spec.ts" time="0">
<skipped>
</skipped>
</testcase>
<testcase name="File Management Tests › should handle file loading errors gracefully" classname="05-file-management.spec.ts" time="0">
<skipped>
</skipped>
</testcase>
<testcase name="File Management Tests › should show file sizes and timestamps" classname="05-file-management.spec.ts" time="0">
<skipped>
</skipped>
</testcase>
<testcase name="File Management Tests › should support file search and filtering" classname="05-file-management.spec.ts" time="0">
<skipped>
</skipped>
</testcase>
<testcase name="File Management Tests › should handle deep folder structures" classname="05-file-management.spec.ts" time="0">
<skipped>
</skipped>
</testcase>
<testcase name="File Management Tests › should show file icons based on file types" classname="05-file-management.spec.ts" time="0">
<skipped>
</skipped>
</testcase>
<testcase name="File Management Tests › should maintain file explorer state during navigation" classname="05-file-management.spec.ts" time="0">
<skipped>
</skipped>
</testcase>
<testcase name="File Management Tests › should handle binary files appropriately" classname="05-file-management.spec.ts" time="0">
<skipped>
</skipped>
</testcase>
<testcase name="File Management Tests › should refresh file tree when new files are generated" classname="05-file-management.spec.ts" time="0">
<skipped>
</skipped>
</testcase>
<testcase name="File Management Tests › should handle large file lists efficiently" classname="05-file-management.spec.ts" time="0">
<skipped>
</skipped>
</testcase>
</testsuite>
<testsuite name="06-command-execution.spec.ts" timestamp="2025-08-22T20:31:50.546Z" hostname="mobile-chrome" tests="13" failures="0" skipped="13" time="0" errors="0">
<testcase name="Command Execution Tests › should execute npm install command" classname="06-command-execution.spec.ts" time="0">
<skipped>
</skipped>
</testcase>
<testcase name="Command Execution Tests › should show real-time command output" classname="06-command-execution.spec.ts" time="0">
<skipped>
</skipped>
</testcase>
<testcase name="Command Execution Tests › should handle command errors and failures" classname="06-command-execution.spec.ts" time="0">
<skipped>
</skipped>
</testcase>
<testcase name="Command Execution Tests › should display command logs in logs tab" classname="06-command-execution.spec.ts" time="0">
<skipped>
</skipped>
</testcase>
<testcase name="Command Execution Tests › should handle long-running commands" classname="06-command-execution.spec.ts" time="0">
<skipped>
</skipped>
</testcase>
<testcase name="Command Execution Tests › should support command termination" classname="06-command-execution.spec.ts" time="0">
<skipped>
</skipped>
</testcase>
<testcase name="Command Execution Tests › should handle multiple concurrent commands" classname="06-command-execution.spec.ts" time="0">
<skipped>
</skipped>
</testcase>
<testcase name="Command Execution Tests › should show command history in logs" classname="06-command-execution.spec.ts" time="0">
<skipped>
</skipped>
</testcase>
<testcase name="Command Execution Tests › should handle commands with different exit codes" classname="06-command-execution.spec.ts" time="0">
<skipped>
</skipped>
</testcase>
<testcase name="Command Execution Tests › should handle commands with large output" classname="06-command-execution.spec.ts" time="0">
<skipped>
</skipped>
</testcase>
<testcase name="Command Execution Tests › should support command input/interaction" classname="06-command-execution.spec.ts" time="0">
<skipped>
</skipped>
</testcase>
<testcase name="Command Execution Tests › should persist command state across page reloads" classname="06-command-execution.spec.ts" time="0">
<skipped>
</skipped>
</testcase>
<testcase name="Command Execution Tests › should handle command timeout scenarios" classname="06-command-execution.spec.ts" time="0">
<skipped>
</skipped>
</testcase>
</testsuite>
<testsuite name="07-preview-functionality.spec.ts" timestamp="2025-08-22T20:31:50.546Z" hostname="mobile-chrome" tests="13" failures="0" skipped="13" time="0" errors="0">
<testcase name="Preview Functionality Tests › should generate sandbox URL for preview" classname="07-preview-functionality.spec.ts" time="0">
<skipped>
</skipped>
</testcase>
<testcase name="Preview Functionality Tests › should display preview in iframe" classname="07-preview-functionality.spec.ts" time="0">
<skipped>
</skipped>
</testcase>
<testcase name="Preview Functionality Tests › should handle preview loading states" classname="07-preview-functionality.spec.ts" time="0">
<skipped>
</skipped>
</testcase>
<testcase name="Preview Functionality Tests › should refresh preview when files change" classname="07-preview-functionality.spec.ts" time="0">
<skipped>
</skipped>
</testcase>
[...]
<testcase name="Chat Interface Tests › should send and receive messages" classname="02-chat-interface.spec.ts" time="0">
<skipped>
</skipped>
</testcase>
<testcase name="Chat Interface Tests › should handle message streaming" classname="02-chat-interface.spec.ts" time="0">
<skipped>
</skipped>
</testcase>
<testcase name="Chat Interface Tests › should show loading state during message sending" classname="02-chat-interface.spec.ts" time="0">
<skipped>
</skipped>
</testcase>
<testcase name="Chat Interface Tests › should handle empty messages gracefully" classname="02-chat-interface.spec.ts" time="0">
<skipped>
</skipped>
</testcase>
<testcase name="Chat Interface Tests › should persist messages across page reloads" classname="02-chat-interface.spec.ts" time="0">
<skipped>
</skipped>
</testcase>
<testcase name="Chat Interface Tests › should scroll to latest message automatically" classname="02-chat-interface.spec.ts" time="0">
<skipped>
</skipped>
</testcase>
<testcase name="Chat Interface Tests › should handle long messages with proper formatting" classname="02-chat-interface.spec.ts" time="0">
<skipped>
</skipped>
</testcase>
<testcase name="Chat Interface Tests › should handle code blocks in messages" classname="02-chat-interface.spec.ts" time="0">
<skipped>
</skipped>
</testcase>
<testcase name="Chat Interface Tests › should handle markdown formatting in messages" classname="02-chat-interface.spec.ts" time="0">
<skipped>
</skipped>
</testcase>
<testcase name="Chat Interface Tests › should clear input after sending message" classname="02-chat-interface.spec.ts" time="0">
<skipped>
</skipped>
</testcase>
<testcase name="Chat Interface Tests › should support keyboard shortcuts for sending" classname="02-chat-interface.spec.ts" time="0">
<skipped>
</skipped>
</testcase>
<testcase name="Chat Interface Tests › should handle network errors gracefully" classname="02-chat-interface.spec.ts" time="0">
<skipped>
</skipped>
</testcase>
</testsuite>
<testsuite name="03-model-selection.spec.ts" timestamp="2025-08-22T20:31:50.546Z" hostname="mobile-safari" tests="11" failures="0" skipped="11" time="0" errors="0">
<testcase name="Model Selection Tests › should display available models" classname="03-model-selection.spec.ts" time="0">
<skipped>
</skipped>
</testcase>
<testcase name="Model Selection Tests › should default to GPT-5" classname="03-model-selection.spec.ts" time="0">
<skipped>
</skipped>
</testcase>
<testcase name="Model Selection Tests › should change model selection" classname="03-model-selection.spec.ts" time="0">
<skipped>
</skipped>
</testcase>
<testcase name="Model Selection Tests › should persist model selection across page reloads" classname="03-model-selection.spec.ts" time="0">
<skipped>
</skipped>
</testcase>
<testcase name="Model Selection Tests › should handle model loading errors" classname="03-model-selection.spec.ts" time="0">
<skipped>
</skipped>
</testcase>
<testcase name="Model Selection Tests › should show model capabilities or descriptions" classname="03-model-selection.spec.ts" time="0">
<skipped>
</skipped>
</testcase>
<testcase name="Model Selection Tests › should indicate current model in chat messages" classname="03-model-selection.spec.ts" time="0">
<skipped>
</skipped>
</testcase>
<testcase name="Model Selection Tests › should handle model switching during conversation" classname="03-model-selection.spec.ts" time="0">
<skipped>
</skipped>
</testcase>
<testcase name="Model Selection Tests › should handle invalid model selection gracefully" classname="03-model-selection.spec.ts" time="0">
<skipped>
</skipped>
</testcase>
<testcase name="Model Selection Tests › should show model status and availability" classname="03-model-selection.spec.ts" time="0">
<skipped>
</skipped>
</testcase>
<testcase name="Model Selection Tests › should support keyboard navigation in model selector" classname="03-model-selection.spec.ts" time="0">
<skipped>
</skipped>
</testcase>
</testsuite>
<testsuite name="04-sandbox-management.spec.ts" timestamp="2025-08-22T20:31:50.546Z" hostname="mobile-safari" tests="11" failures="0" skipped="11" time="0" errors="0">
<testcase name="Sandbox Management Tests › should create sandbox through AI interaction" classname="04-sandbox-management.spec.ts" time="0">
<skipped>
</skipped>
</testcase>
<testcase name="Sandbox Management Tests › should display sandbox status and information" classname="04-sandbox-management.spec.ts" time="0">
<skipped>
</skipped>
</testcase>
<testcase name="Sandbox Management Tests › should handle sandbox creation failures" classname="04-sandbox-management.spec.ts" time="0">
<skipped>
</skipped>
</testcase>
<testcase name="Sandbox Management Tests › should manage multiple sandboxes" classname="04-sandbox-management.spec.ts" time="0">
<skipped>
</skipped>
</testcase>
<testcase name="Sandbox Management Tests › should handle sandbox timeouts" classname="04-sandbox-management.spec.ts" time="0">
<skipped>
</skipped>
</testcase>
<testcase name="Sandbox Management Tests › should show sandbox resource usage" classname="04-sandbox-management.spec.ts" time="0">
<skipped>
</skipped>
</testcase>
<testcase name="Sandbox Management Tests › should handle sandbox URL generation" classname="04-sandbox-management.spec.ts" time="0">
<skipped>
</skipped>
</testcase>
<testcase name="Sandbox Management Tests › should persist sandbox state across page reloads" classname="04-sandbox-management.spec.ts" time="0">
<skipped>
</skipped>
</testcase>
<testcase name="Sandbox Management Tests › should handle concurrent sandbox operations" classname="04-sandbox-management.spec.ts" time="0">
<skipped>
</skipped>
</testcase>
<testcase name="Sandbox Management Tests › should show sandbox activity logs" classname="04-sandbox-management.spec.ts" time="0">
<skipped>
</skipped>
</testcase>
<testcase name="Sandbox Management Tests › should handle sandbox cleanup and termination" classname="04-sandbox-management.spec.ts" time="0">
<skipped>
</skipped>
</testcase>
</testsuite>
<testsuite name="05-file-management.spec.ts" timestamp="2025-08-22T20:31:50.546Z" hostname="mobile-safari" tests="13" failures="0" skipped="13" time="0" errors="0">
<testcase name="File Management Tests › should display file explorer with generated files" classname="05-file-management.spec.ts" time="0">
<skipped>
</skipped>
</testcase>
<testcase name="File Management Tests › should expand and collapse folders" classname="05-file-management.spec.ts" time="0">
<skipped>
</skipped>
</testcase>
<testcase name="File Management Tests › should display file content when clicked" classname="05-file-management.spec.ts" time="0">
<skipped>
</skipped>
</testcase>
<testcase name="File Management Tests › should show syntax highlighting for different file types" classname="05-file-management.spec.ts" time="0">
<skipped>
</skipped>
</testcase>
<testcase name="File Management Tests › should handle file loading errors gracefully" classname="05-file-management.spec.ts" time="0">
<skipped>
</skipped>
</testcase>
<testcase name="File Management Tests › should show file sizes and timestamps" classname="05-file-management.spec.ts" time="0">
<skipped>
</skipped>
</testcase>
<testcase name="File Management Tests › should support file search and filtering" classname="05-file-management.spec.ts" time="0">
<skipped>
</skipped>
</testcase>
<testcase name="File Management Tests › should handle deep folder structures" classname="05-file-management.spec.ts" time="0">
<skipped>
</skipped>
</testcase>
<testcase name="File Management Tests › should show file icons based on file types" classname="05-file-management.spec.ts" time="0">
<skipped>
</skipped>
</testcase>
<testcase name="File Management Tests › should maintain file explorer state during navigation" classname="05-file-management.spec.ts" time="0">
<skipped>
</skipped>
</testcase>
<testcase name="File Management Tests › should handle binary files appropriately" classname="05-file-management.spec.ts" time="0">
<skipped>
</skipped>
</testcase>
<testcase name="File Management Tests › should refresh file tree when new files are generated" classname="05-file-management.spec.ts" time="0">
<skipped>
</skipped>
</testcase>
<testcase name="File Management Tests › should handle large file lists efficiently" classname="05-file-management.spec.ts" time="0">
<skipped>
</skipped>
</testcase>
</testsuite>
<testsuite name="06-command-execution.spec.ts" timestamp="2025-08-22T20:31:50.546Z" hostname="mobile-safari" tests="13" failures="0" skipped="13" time="0" errors="0">
<testcase name="Command Execution Tests › should execute npm install command" classname="06-command-execution.spec.ts" time="0">
<skipped>
</skipped>
</testcase>
<testcase name="Command Execution Tests › should show real-time command output" classname="06-command-execution.spec.ts" time="0">
<skipped>
</skipped>
</testcase>
<testcase name="Command Execution Tests › should handle command errors and failures" classname="06-command-execution.spec.ts" time="0">
<skipped>
</skipped>
</testcase>
<testcase name="Command Execution Tests › should display command logs in logs tab" classname="06-command-execution.spec.ts" time="0">
<skipped>
</skipped>
</testcase>
<testcase name="Command Execution Tests › should handle long-running commands" classname="06-command-execution.spec.ts" time="0">
<skipped>
</skipped>
</testcase>
<testcase name="Command Execution Tests › should support command termination" classname="06-command-execution.spec.ts" time="0">
<skipped>
</skipped>
</testcase>
<testcase name="Command Execution Tests › should handle multiple concurrent commands" classname="06-command-execution.spec.ts" time="0">
<skipped>
</skipped>
</testcase>
<testcase name="Command Execution Tests › should show command history in logs" classname="06-command-execution.spec.ts" time="0">
<skipped>
</skipped>
</testcase>
<testcase name="Command Execution Tests › should handle commands with different exit codes" classname="06-command-execution.spec.ts" time="0">
<skipped>
</skipped>
</testcase>
<testcase name="Command Execution Tests › should handle commands with large output" classname="06-command-execution.spec.ts" time="0">
<skipped>
</skipped>
</testcase>
<testcase name="Command Execution Tests › should support command input/interaction" classname="06-command-execution.spec.ts" time="0">
<skipped>
</skipped>
</testcase>
<testcase name="Command Execution Tests › should persist command state across page reloads" classname="06-command-execution.spec.ts" time="0">
<skipped>
</skipped>
</testcase>
<testcase name="Command Execution Tests › should handle command timeout scenarios" classname="06-command-execution.spec.ts" time="0">
<skipped>
</skipped>
</testcase>
</testsuite>
<testsuite name="07-preview-functionality.spec.ts" timestamp="2025-08-22T20:31:50.546Z" hostname="mobile-safari" tests="13" failures="0" skipped="13" time="0" errors="0">
<testcase name="Preview Functionality Tests › should generate sandbox URL for preview" classname="07-preview-functionality.spec.ts" time="0">
<skipped>
</skipped>
</testcase>
<testcase name="Preview Functionality Tests › should display preview in iframe" classname="07-preview-functionality.spec.ts" time="0">
<skipped>
</skipped>
</testcase>
<testcase name="Preview Functionality Tests › should handle preview loading states" classname="07-preview-functionality.spec.ts" time="0">
<skipped>
</skipped>
</testcase>
<testcase name="Preview Functionality Tests › should refresh preview when files change" classname="07-preview-functionality.spec.ts" time="0">
<skipped>
</skipped>
</testcase>
<testcase name="Preview Functionality Tests › should handle preview errors gracefully" classname="07-preview-functionality.spec.ts" time="0">
<skipped>
</skipped>
</testcase>
<testcase name="Preview Functionality Tests › should support multiple port previews" classname="07-preview-functionality.spec.ts" time="0">
<skipped>
</skipped>
</testcase>
<testcase name="Preview Functionality Tests › should handle responsive preview modes" classname="07-preview-functionality.spec.ts" time="0">
<skipped>
</skipped>
</testcase>
<testcase name="Preview Functionality Tests › should support preview zoom and scaling" classname="07-preview-functionality.spec.ts" time="0">
<skipped>
</skipped>
</testcase>
<testcase name="Preview Functionality Tests › should open preview in new tab" classname="07-preview-functionality.spec.ts" time="0">
<skipped>
</skipped>
</testcase>
<testcase name="Preview Functionality Tests › should show preview console logs" classname="07-preview-functionality.spec.ts" time="0">
<skipped>
</skipped>
</testcase>
<testcase name="Preview Functionality Tests › should handle preview authentication" classname="07-preview-functionality.spec.ts" time="0">
<skipped>
</skipped>
</testcase>
<testcase name="Preview Functionality Tests › should persist preview state across tab switches" classname="07-preview-functionality.spec.ts" time="0">
<skipped>
</skipped>
</testcase>
<testcase name="Preview Functionality Tests › should handle preview iframe communication" classname="07-preview-functionality.spec.ts" time="0">
<skipped>
</skipped>
</testcase>
</testsuite>
<testsuite name="08-api-endpoints.spec.ts" timestamp="2025-08-22T20:31:50.546Z" hostname="mobile-safari" tests="14" failures="0" skipped="14" time="0" errors="0">
<testcase name="API Endpoints Tests › should handle chat API requests" classname="08-api-endpoints.spec.ts" time="0">
<skipped>
</skipped>
</testcase>
<testcase name="API Endpoints Tests › should handle models API requests" classname="08-api-endpoints.spec.ts" time="0">
<skipped>
</skipped>
</testcase>
<testcase name="API Endpoints Tests › should handle sandbox creation API" classname="08-api-endpoints.spec.ts" time="0">
<skipped>
</skipped>
</testcase>
<testcase name="API Endpoints Tests › should handle file operations API" classname="08-api-endpoints.spec.ts" time="0">
<skipped>
</skipped>
</testcase>
<testcase name="API Endpoints Tests › should handle command execution API" classname="08-api-endpoints.spec.ts" time="0">
<skipped>
</skipped>
</testcase>
<testcase name="API Endpoints Tests › should handle command logs API" classname="08-api-endpoints.spec.ts" time="0">
<skipped>
</skipped>
</testcase>
<testcase name="API Endpoints Tests › should handle sandbox URL generation API" classname="08-api-endpoints.spec.ts" time="0">
<skipped>
</skipped>
</testcase>
<testcase name="API Endpoints Tests › should handle API error responses gracefully" classname="08-api-endpoints.spec.ts" time="0">
<skipped>
</skipped>
</testcase>
<testcase name="API Endpoints Tests › should handle API rate limiting" classname="08-api-endpoints.spec.ts" time="0">
<skipped>
</skipped>
</testcase>
<testcase name="API Endpoints Tests › should handle API authentication errors" classname="08-api-endpoints.spec.ts" time="0">
<skipped>
</skipped>
</testcase>
<testcase name="API Endpoints Tests › should handle network timeouts" classname="08-api-endpoints.spec.ts" time="0">
<skipped>
</skipped>
</testcase>
<testcase name="API Endpoints Tests › should validate request payloads" classname="08-api-endpoints.spec.ts" time="0">
<skipped>
</skipped>
</testcase>
<testcase name="API Endpoints Tests › should handle concurrent API requests" classname="08-api-endpoints.spec.ts" time="0">
<skipped>
</skipped>
</testcase>
<testcase name="API Endpoints Tests › should handle API versioning" classname="08-api-endpoints.spec.ts" time="0">
<skipped>
</skipped>
</testcase>
</testsuite>
<testsuite name="09-integration-tests.spec.ts" timestamp="2025-08-22T20:31:50.546Z" hostname="mobile-safari" tests="8" failures="0" skipped="8" time="0" errors="0">
<testcase name="Integration Tests - End-to-End User Journeys › should complete full development workflow: create → code → test → preview" classname="09-integration-tests.spec.ts" time="0">
<skipped>
</skipped>
</testcase>
<testcase name="Integration Tests - End-to-End User Journeys › should handle complex multi-step AI interactions" classname="09-integration-tests.spec.ts" time="0">
<skipped>
</skipped>
</testcase>
<testcase name="Integration Tests - End-to-End User Journeys › should maintain state consistency across components" classname="09-integration-tests.spec.ts" time="0">
<skipped>
</skipped>
</testcase>
<testcase name="Integration Tests - End-to-End User Journeys › should handle error recovery and continuation" classname="09-integration-tests.spec.ts" time="0">
<skipped>
</skipped>
</testcase>
<testcase name="Integration Tests - End-to-End User Journeys › should support collaborative-style interactions" classname="09-integration-tests.spec.ts" time="0">
<skipped>
</skipped>
</testcase>
<testcase name="Integration Tests - End-to-End User Journeys › should handle mixed content types and tools" classname="09-integration-tests.spec.ts" time="0">
<skipped>
</skipped>
</testcase>
<testcase name="Integration Tests - End-to-End User Journeys › should maintain performance with large projects" classname="09-integration-tests.spec.ts" time="0">
<skipped>
</skipped>
</testcase>
<testcase name="Integration Tests - End-to-End User Journeys › should support undo/redo-like behavior through conversation" classname="09-integration-tests.spec.ts" time="0">
<skipped>
</skipped>
</testcase>
</testsuite>
<testsuite name="10-performance-security.spec.ts" timestamp="2025-08-22T20:31:50.546Z" hostname="mobile-safari" tests="15" failures="0" skipped="15" time="0" errors="0">
<testcase name="Performance Tests › should load initial page within reasonable time" classname="10-performance-security.spec.ts" time="0">
<skipped>
</skipped>
</testcase>
<testcase name="Performance Tests › should handle rapid message sending without performance degradation" classname="10-performance-security.spec.ts" time="0">
<skipped>
</skipped>
</testcase>
<testcase name="Performance Tests › should maintain responsive UI during long operations" classname="10-performance-security.spec.ts" time="0">
<skipped>
</skipped>
</testcase>
<testcase name="Performance Tests › should handle memory efficiently with large conversation history" classname="10-performance-security.spec.ts" time="0">
<skipped>
</skipped>
</testcase>
<testcase name="Performance Tests › should optimize file tree rendering for large projects" classname="10-performance-security.spec.ts" time="0">
<skipped>
</skipped>
</testcase>
<testcase name="Security Tests › should prevent XSS attacks in chat messages" classname="10-performance-security.spec.ts" time="0">
<skipped>
</skipped>
</testcase>
<testcase name="Security Tests › should sanitize file content display" classname="10-performance-security.spec.ts" time="0">
<skipped>
</skipped>
</testcase>
<testcase name="Security Tests › should handle malicious URLs in preview safely" classname="10-performance-security.spec.ts" time="0">
<skipped>
</skipped>
</testcase>
<testcase name="Security Tests › should validate API request payloads" classname="10-performance-security.spec.ts" time="0">
<skipped>
</skipped>
</testcase>
<testcase name="Security Tests › should handle bot detection properly" classname="10-performance-security.spec.ts" time="0">
<skipped>
</skipped>
</testcase>
<testcase name="Security Tests › should prevent command injection in sandbox operations" classname="10-performance-security.spec.ts" time="0">
<skipped>
</skipped>
</testcase>
<testcase name="Security Tests › should implement proper CORS handling" classname="10-performance-security.spec.ts" time="0">
<skipped>
</skipped>
</testcase>
<testcase name="Security Tests › should protect against CSRF attacks" classname="10-performance-security.spec.ts" time="0">
<skipped>
</skipped>
</testcase>
<testcase name="Security Tests › should handle sensitive data appropriately" classname="10-performance-security.spec.ts" time="0">
<skipped>
</skipped>
</testcase>
<testcase name="Security Tests › should validate file upload security" classname="10-performance-security.spec.ts" time="0">
<skipped>
</skipped>
</testcase>
</testsuite>
</testsuites>